<?xml version="1.0" encoding="UTF-8"?>
<testsuite xmlns:xsi="http://www.w3.org/2001/XMLSchema-instance" xsi:noNamespaceSchemaLocation="https://maven.apache.org/surefire/maven-surefire-plugin/xsd/surefire-test-report.xsd" version="3.0.2" name="com.wongsapat.testrestapi.TestrestapiApplicationTests" time="8.471" tests="1" errors="0" skipped="0" failures="0">
  <properties>
[...]
</properties>
  <testcase name="contextLoads" classname="com.wongsapat.testrestapi.TestrestapiApplicationTests" time="0.732">
    <system-out><![CDATA[21:24:35.831 [main] INFO org.springframework.test.context.support.AnnotationConfigContextLoaderUtils -- Could not detect default configuration classes for test class [com.wongsapat.testrestapi.TestrestapiApplicationTests]: TestrestapiApplicationTests does not declare any static, non-private, non-final, nested classes annotated with @Configuration.
21:24:35.995 [main] INFO org.springframework.boot.test.context.SpringBootTestContextBootstrapper -- Found @SpringBootConfiguration com.wongsapat.testrestapi.TestrestapiApplication for test class com.wongsapat.testrestapi.TestrestapiApplicationTests
21:24:36.247 [main] INFO org.springframework.boot.devtools.restart.RestartApplicationListener -- Restart disabled due to context in which it is running
]]></system-out>
  </testcase>
</testsuite>